SF:/Users/yelinaung/Projects/WidgetLab/openapi_spec/lib/src/parser/exceptions.dart
DA:9,2
DA:17,1
DA:19,1
DA:20,3
DA:22,2
LF:5
LH:5
end_of_record
SF:/Users/yelinaung/Projects/WidgetLab/openapi_spec/lib/src/util/enums.dart
DA:71,3
DA:72,3
DA:73,15
DA:74,3
DA:138,1
DA:139,2
DA:140,2
LF:7
LH:7
end_of_record
SF:/Users/yelinaung/Projects/WidgetLab/openapi_spec/lib/src/util/helpers.dart
DA:2,4
DA:4,4
DA:5,2
DA:9,4
DA:11,3
DA:12,2
LF:6
LH:6
end_of_record
SF:/Users/yelinaung/Projects/WidgetLab/openapi_spec/lib/src/model/base_spec.dart
DA:12,2
DA:40,1
DA:41,2
DA:43,2
DA:51,1
DA:52,1
DA:53,4
DA:54,4
DA:55,4
DA:56,6
DA:57,6
DA:58,3
DA:66,2
DA:69,2
DA:70,2
DA:71,2
DA:72,2
DA:73,2
DA:87,1
DA:88,1
DA:89,1
DA:90,1
DA:91,3
DA:100,2
DA:103,2
DA:104,2
DA:106,4
DA:107,4
DA:118,2
DA:119,6
DA:126,2
DA:138,2
DA:140,2
DA:141,4
DA:142,2
DA:143,2
DA:146,2
DA:147,2
DA:148,2
DA:149,2
DA:150,2
DA:152,2
DA:153,4
DA:156,2
DA:157,4
DA:159,2
DA:160,2
DA:189,1
DA:190,3
DA:191,3
DA:192,3
DA:193,4
DA:194,4
DA:195,3
DA:196,3
DA:204,2
DA:207,2
DA:208,6
DA:218,1
DA:219,2
DA:220,3
DA:229,2
DA:232,2
DA:233,2
DA:234,2
DA:235,2
DA:237,2
DA:238,1
DA:239,1
DA:255,1
DA:256,1
DA:257,2
DA:258,3
DA:259,4
LF:74
LH:74
end_of_record
SF:/Users/yelinaung/Projects/WidgetLab/openapi_spec/lib/src/model/components.dart
DA:16,2
DA:26,2
DA:30,2
DA:32,4
DA:33,4
DA:35,2
DA:38,5
DA:39,2
DA:41,1
DA:44,5
DA:45,2
DA:47,1
DA:50,6
DA:51,2
DA:53,1
DA:56,4
DA:57,4
DA:59,2
DA:84,1
DA:85,1
DA:86,2
DA:87,6
DA:88,2
DA:89,0
DA:90,0
DA:92,2
DA:93,0
DA:94,0
DA:96,2
DA:97,3
DA:98,3
DA:100,2
DA:101,3
DA:102,3
LF:34
LH:30
end_of_record
SF:/Users/yelinaung/Projects/WidgetLab/openapi_spec/lib/src/model/media_type.dart
DA:7,2
DA:10,2
DA:14,2
DA:16,2
DA:17,2
DA:18,2
DA:29,1
DA:30,5
LF:8
LH:8
end_of_record
SF:/Users/yelinaung/Projects/WidgetLab/openapi_spec/lib/src/model/openapi20_spec.dart
DA:17,1
DA:32,1
DA:35,1
DA:36,1
DA:37,2
DA:38,1
DA:39,0
DA:42,1
DA:43,1
DA:45,1
DA:47,2
DA:48,1
DA:49,1
DA:50,2
DA:51,1
DA:52,1
DA:53,2
DA:54,2
DA:56,1
DA:62,2
DA:63,2
DA:65,1
DA:71,2
DA:72,2
DA:74,1
DA:78,2
DA:79,1
DA:80,0
DA:82,1
DA:84,1
DA:85,3
DA:86,1
DA:88,1
DA:90,1
DA:91,1
DA:124,1
DA:126,1
DA:127,1
DA:128,3
DA:129,3
DA:130,3
DA:131,1
DA:132,1
DA:133,2
DA:134,3
DA:135,3
DA:137,2
DA:138,3
DA:139,3
DA:141,2
DA:142,0
LF:51
LH:48
end_of_record
SF:/Users/yelinaung/Projects/WidgetLab/openapi_spec/lib/src/model/openapi30_spec.dart
DA:16,1
DA:28,1
DA:29,1
DA:30,2
DA:31,1
DA:32,0
DA:35,1
DA:36,1
DA:38,1
DA:39,2
DA:42,1
DA:43,3
DA:44,1
DA:45,2
DA:46,2
DA:48,1
DA:55,1
DA:56,1
DA:57,1
DA:62,1
DA:63,3
DA:64,1
DA:66,1
DA:67,1
DA:68,1
DA:82,1
DA:84,1
DA:85,1
DA:86,2
DA:87,6
DA:88,4
LF:31
LH:30
end_of_record
SF:/Users/yelinaung/Projects/WidgetLab/openapi_spec/lib/src/model/openapi31_spec.dart
DA:16,2
DA:29,2
DA:30,2
DA:31,4
DA:32,2
DA:33,1
DA:36,2
DA:37,2
DA:39,2
DA:40,4
DA:43,2
DA:44,6
DA:45,2
DA:46,4
DA:47,4
DA:49,2
DA:56,2
DA:57,2
DA:58,2
DA:63,2
DA:64,6
DA:65,2
DA:67,2
DA:68,1
DA:69,1
DA:73,2
DA:74,4
DA:75,4
DA:77,2
DA:98,1
DA:100,1
DA:101,1
DA:102,2
DA:103,6
DA:104,4
DA:105,1
DA:106,3
DA:107,3
LF:38
LH:38
end_of_record
SF:/Users/yelinaung/Projects/WidgetLab/openapi_spec/lib/src/model/operation.dart
DA:16,2
DA:32,2
DA:36,2
DA:38,5
DA:39,2
DA:40,2
DA:41,2
DA:43,4
DA:44,2
DA:45,4
DA:50,2
DA:52,2
DA:53,2
DA:54,2
DA:58,4
DA:59,4
DA:61,2
DA:65,4
DA:66,2
DA:67,4
DA:69,2
DA:70,3
DA:71,3
DA:72,2
DA:113,1
DA:114,1
DA:115,4
DA:116,3
DA:117,3
DA:118,3
DA:119,4
DA:120,6
DA:121,4
DA:122,2
DA:123,3
DA:124,3
DA:126,2
DA:127,6
DA:128,5
DA:129,5
DA:130,3
LF:41
LH:41
end_of_record
SF:/Users/yelinaung/Projects/WidgetLab/openapi_spec/lib/src/model/parameter.dart
DA:13,2
DA:32,2
DA:36,2
DA:37,2
DA:40,2
DA:42,2
DA:44,2
DA:45,4
DA:47,2
DA:48,2
DA:49,2
DA:51,2
DA:52,2
DA:53,2
DA:57,2
DA:58,2
DA:59,2
DA:61,2
DA:62,1
DA:63,1
DA:67,4
DA:68,4
DA:69,2
DA:121,1
DA:123,1
DA:124,0
DA:127,1
DA:128,2
DA:129,4
DA:130,3
DA:131,2
DA:132,1
DA:133,4
DA:134,3
DA:135,3
DA:136,3
DA:137,4
DA:138,3
DA:139,3
DA:140,3
LF:40
LH:39
end_of_record
SF:/Users/yelinaung/Projects/WidgetLab/openapi_spec/lib/src/model/path.dart
DA:12,2
DA:22,2
DA:26,2
DA:29,2
DA:30,2
DA:31,2
DA:36,2
DA:37,2
DA:38,2
DA:43,2
DA:44,1
DA:45,1
DA:50,2
DA:51,2
DA:52,2
DA:57,2
DA:58,0
DA:59,0
DA:85,1
DA:86,1
DA:87,4
DA:88,4
DA:89,4
DA:90,4
DA:91,1
LF:25
LH:23
end_of_record
SF:/Users/yelinaung/Projects/WidgetLab/openapi_spec/lib/src/model/request_body.dart
DA:12,2
DA:19,2
DA:23,2
DA:24,2
DA:25,2
DA:26,4
DA:27,4
DA:29,2
DA:45,1
DA:46,1
DA:47,3
DA:48,3
DA:49,2
DA:50,6
LF:14
LH:14
end_of_record
SF:/Users/yelinaung/Projects/WidgetLab/openapi_spec/lib/src/model/response.dart
DA:13,2
DA:22,2
DA:26,2
DA:27,2
DA:29,2
DA:30,2
DA:32,2
DA:33,1
DA:34,1
DA:38,6
DA:39,4
DA:41,2
DA:44,6
DA:45,4
DA:47,2
DA:69,1
DA:70,1
DA:71,0
DA:73,1
DA:74,2
DA:75,2
DA:76,6
DA:77,4
DA:78,2
DA:79,6
DA:91,2
DA:100,2
DA:104,2
DA:105,2
DA:107,1
DA:109,1
DA:110,1
DA:111,1
DA:115,1
DA:116,1
DA:117,1
DA:137,1
DA:138,1
DA:139,0
DA:141,1
DA:142,2
DA:143,3
DA:144,3
DA:145,4
LF:44
LH:42
end_of_record
SF:/Users/yelinaung/Projects/WidgetLab/openapi_spec/lib/src/model/schema.dart
DA:13,1
DA:16,1
DA:17,1
DA:18,1
DA:19,2
DA:20,2
DA:32,1
DA:33,1
DA:34,2
DA:35,3
DA:47,3
DA:81,3
DA:86,3
DA:87,2
DA:88,3
DA:89,2
DA:90,3
DA:91,3
DA:210,2
DA:244,2
DA:248,2
DA:249,2
DA:250,2
DA:251,2
DA:252,2
DA:253,2
DA:254,6
DA:255,6
DA:256,4
DA:258,2
DA:261,2
DA:263,2
DA:264,2
DA:265,2
DA:269,8
DA:270,2
DA:272,2
DA:273,4
DA:276,2
DA:277,2
DA:278,2
DA:282,4
DA:283,4
DA:284,2
DA:286,2
DA:287,1
DA:288,1
DA:292,2
DA:293,1
DA:294,1
DA:298,2
DA:299,1
DA:300,2
DA:305,1
DA:306,2
DA:307,4
DA:308,4
DA:309,2
DA:310,2
DA:311,4
DA:312,4
DA:313,4
DA:314,2
DA:315,2
DA:316,2
DA:328,2
DA:330,2
DA:331,6
DA:332,6
DA:333,6
DA:334,4
DA:335,6
DA:336,10
DA:337,6
DA:338,6
DA:339,6
DA:341,8
DA:342,10
DA:343,6
DA:344,8
DA:345,6
DA:346,2
DA:347,6
DA:348,4
DA:349,4
DA:350,5
DA:351,5
DA:352,8
DA:353,4
DA:354,4
DA:355,4
DA:356,4
DA:357,4
DA:358,4
DA:359,4
DA:360,4
DA:361,4
DA:362,4
DA:363,4
DA:364,4
DA:373,2
DA:412,2
DA:416,2
DA:417,2
DA:418,2
DA:419,2
DA:420,2
DA:421,2
DA:422,6
DA:423,6
DA:424,4
DA:426,2
DA:429,2
DA:431,2
DA:432,2
DA:433,2
DA:437,8
DA:439,2
DA:440,4
DA:443,2
DA:444,2
DA:445,2
DA:449,2
DA:450,2
DA:452,4
DA:453,1
DA:456,4
DA:457,1
DA:459,4
DA:460,4
DA:462,2
DA:463,1
DA:464,1
DA:468,2
DA:469,1
DA:470,1
DA:474,2
DA:475,1
DA:476,2
DA:481,1
DA:483,2
DA:484,1
DA:485,2
DA:490,1
DA:492,2
DA:493,1
DA:494,2
DA:499,1
DA:500,4
DA:501,4
DA:502,2
DA:503,2
DA:504,4
DA:505,4
DA:506,4
DA:507,2
DA:508,2
DA:509,2
DA:511,2
DA:512,1
DA:513,1
DA:517,2
DA:545,2
DA:547,2
DA:548,6
DA:549,6
DA:550,6
DA:551,4
DA:552,6
DA:553,10
DA:554,6
DA:555,6
DA:556,6
DA:558,8
DA:559,10
DA:560,8
DA:561,6
DA:562,2
DA:563,6
DA:564,4
DA:565,4
DA:566,4
DA:567,4
DA:568,4
DA:569,4
DA:570,5
DA:571,5
DA:572,8
DA:573,8
DA:574,8
DA:575,5
DA:576,4
DA:577,4
DA:578,4
DA:579,4
DA:580,4
DA:581,4
DA:582,4
DA:583,4
DA:584,6
DA:585,4
DA:586,4
DA:595,3
DA:640,3
DA:644,3
DA:647,3
DA:650,3
DA:658,3
DA:661,3
DA:662,3
DA:663,3
DA:664,3
DA:665,9
DA:666,9
DA:667,6
DA:669,3
DA:672,3
DA:674,3
DA:675,3
DA:676,3
DA:680,9
DA:682,3
DA:683,4
DA:686,3
DA:687,0
DA:688,0
DA:692,3
DA:693,3
DA:694,6
DA:695,6
DA:696,3
DA:697,3
DA:698,3
DA:699,12
DA:700,3
DA:701,3
DA:702,6
DA:703,6
DA:704,3
DA:706,3
DA:707,1
DA:708,1
DA:712,3
DA:713,0
DA:714,0
DA:718,3
DA:719,1
DA:720,2
DA:725,1
DA:727,3
DA:728,1
DA:729,2
DA:734,1
DA:736,3
DA:737,2
DA:738,4
DA:743,2
DA:744,6
DA:745,6
DA:746,3
DA:747,3
DA:748,6
DA:749,6
DA:750,6
DA:751,3
DA:753,3
DA:754,0
DA:755,0
DA:759,3
DA:805,2
DA:807,4
DA:809,2
DA:810,6
DA:811,2
DA:812,6
DA:813,4
DA:814,6
DA:815,8
DA:816,6
DA:817,6
DA:818,6
DA:820,8
DA:821,6
DA:822,5
DA:823,4
DA:824,2
DA:825,0
DA:826,6
DA:827,6
DA:828,6
DA:829,6
DA:830,6
DA:831,6
DA:832,4
DA:833,10
DA:834,4
DA:835,4
DA:836,2
DA:837,2
DA:838,2
DA:839,5
DA:840,2
DA:841,2
DA:842,8
DA:843,8
DA:844,4
DA:845,4
DA:846,4
DA:847,4
DA:848,4
DA:849,4
DA:850,2
DA:851,4
DA:852,4
DA:853,2
LF:315
LH:308
end_of_record
SF:/Users/yelinaung/Projects/WidgetLab/openapi_spec/lib/src/model/security/security_requirement.dart
DA:10,2
DA:13,2
DA:14,2
DA:15,2
DA:16,6
DA:25,1
DA:26,1
LF:7
LH:7
end_of_record
SF:/Users/yelinaung/Projects/WidgetLab/openapi_spec/lib/src/model/security/security_scheme.dart
DA:8,2
DA:22,2
DA:23,2
DA:24,2
DA:25,2
DA:26,2
DA:28,2
DA:29,2
DA:31,2
DA:32,2
DA:33,2
DA:34,2
DA:35,3
DA:36,2
DA:39,2
DA:40,4
DA:93,1
DA:94,1
DA:95,2
DA:96,1
DA:97,3
DA:98,4
DA:99,1
DA:100,1
DA:101,3
DA:102,3
DA:103,5
DA:104,4
DA:112,2
DA:120,2
DA:121,2
DA:123,2
DA:124,2
DA:127,2
DA:128,0
DA:131,2
DA:132,0
DA:133,0
DA:137,2
DA:138,1
DA:139,1
DA:158,2
DA:159,4
DA:160,1
DA:161,1
DA:162,0
DA:163,1
DA:164,0
DA:171,2
DA:179,2
DA:180,2
DA:181,2
DA:182,2
DA:183,2
DA:184,4
DA:201,2
DA:202,3
DA:203,1
DA:204,1
DA:205,4
LF:60
LH:55
end_of_record
SF:/Users/yelinaung/Projects/WidgetLab/openapi_spec/lib/src/model/server.dart
DA:12,2
DA:17,2
DA:18,2
DA:19,2
DA:20,2
DA:21,2
DA:38,1
DA:39,1
DA:40,2
DA:41,1
DA:42,1
LF:11
LH:11
end_of_record
SF:/Users/yelinaung/Projects/WidgetLab/openapi_spec/lib/src/parser/openapi_parser.dart
DA:14,1
DA:15,1
DA:16,1
DA:21,1
DA:22,1
DA:23,1
DA:27,2
DA:29,2
DA:30,1
DA:33,2
DA:34,1
DA:35,2
DA:36,1
DA:37,2
DA:38,2
DA:40,1
DA:41,1
LF:17
LH:17
end_of_record
SF:/Users/yelinaung/Projects/WidgetLab/openapi_spec/lib/src/model/xml.dart
DA:10,3
DA:19,3
DA:20,3
DA:21,3
DA:22,3
DA:23,3
DA:24,3
DA:25,3
DA:45,2
DA:46,2
DA:47,6
DA:48,4
DA:49,4
DA:50,2
DA:51,6
LF:15
LH:15
end_of_record
SF:/Users/yelinaung/Projects/WidgetLab/openapi_spec/lib/src/parser/yaml_utils.dart
DA:7,2
DA:9,2
DA:10,2
DA:11,2
DA:19,2
DA:20,2
DA:21,4
DA:22,8
DA:28,2
DA:29,2
DA:30,8
DA:31,2
DA:35,2
DA:36,2
DA:37,2
DA:38,2
DA:39,2
LF:17
LH:17
end_of_record
