SF:/Users/yelinaung/Projects/WidgetLab/openapi_spec/lib/src/util/enums.dart
DA:71,0
DA:72,0
DA:73,0
DA:74,0
DA:138,0
DA:139,0
DA:140,0
LF:7
LH:0
end_of_record
SF:/Users/yelinaung/Projects/WidgetLab/openapi_spec/lib/src/util/yaml_utils.dart
DA:7,1
DA:9,1
DA:10,1
DA:11,1
DA:19,1
DA:20,1
DA:21,2
DA:22,5
DA:28,1
DA:29,1
DA:30,4
DA:31,1
DA:35,1
DA:36,1
DA:37,1
DA:38,1
DA:39,1
LF:17
LH:17
end_of_record
SF:/Users/yelinaung/Projects/WidgetLab/openapi_spec/lib/v20/contact.dart
DA:22,1
DA:23,1
LF:2
LH:2
end_of_record
SF:/Users/yelinaung/Projects/WidgetLab/openapi_spec/lib/v20/contact.g.dart
DA:9,2
DA:10,1
DA:11,1
DA:12,1
DA:15,0
DA:16,0
DA:17,0
DA:18,0
LF:8
LH:4
end_of_record
SF:/Users/yelinaung/Projects/WidgetLab/openapi_spec/lib/v20/discriminator.dart
DA:22,0
DA:23,0
LF:2
LH:0
end_of_record
SF:/Users/yelinaung/Projects/WidgetLab/openapi_spec/lib/v20/discriminator.g.dart
DA:9,0
DA:10,0
DA:11,0
DA:12,0
DA:13,0
DA:17,0
DA:18,0
DA:19,0
DA:20,0
LF:9
LH:0
end_of_record
SF:/Users/yelinaung/Projects/WidgetLab/openapi_spec/lib/v20/external_docs.dart
DA:19,1
DA:20,1
LF:2
LH:2
end_of_record
SF:/Users/yelinaung/Projects/WidgetLab/openapi_spec/lib/v20/external_docs.g.dart
DA:9,1
DA:10,1
DA:11,1
DA:12,1
DA:15,1
DA:16,3
LF:6
LH:6
end_of_record
SF:/Users/yelinaung/Projects/WidgetLab/openapi_spec/lib/v20/header.dart
DA:33,2
LF:1
LH:1
end_of_record
SF:/Users/yelinaung/Projects/WidgetLab/openapi_spec/lib/v20/header.g.dart
DA:9,2
DA:10,1
DA:11,1
DA:12,1
DA:14,1
DA:16,0
DA:17,1
DA:20,2
DA:21,2
DA:22,2
DA:23,2
DA:24,1
DA:25,1
LF:13
LH:12
end_of_record
SF:/Users/yelinaung/Projects/WidgetLab/openapi_spec/lib/v20/info.dart
DA:42,1
DA:43,1
DA:44,5
DA:46,3
DA:50,0
DA:52,0
DA:53,0
DA:54,0
LF:8
LH:4
end_of_record
SF:/Users/yelinaung/Projects/WidgetLab/openapi_spec/lib/v20/info.g.dart
DA:9,2
DA:10,1
DA:11,1
DA:12,1
DA:13,1
DA:15,1
DA:17,2
DA:19,1
DA:21,2
DA:22,1
DA:25,2
DA:26,2
DA:27,2
DA:28,1
DA:29,1
DA:30,1
DA:31,1
DA:32,1
LF:18
LH:18
end_of_record
SF:/Users/yelinaung/Projects/WidgetLab/openapi_spec/lib/v20/license.dart
DA:19,1
DA:20,1
LF:2
LH:2
end_of_record
SF:/Users/yelinaung/Projects/WidgetLab/openapi_spec/lib/v20/license.g.dart
DA:9,1
DA:10,3
DA:12,0
DA:13,0
DA:14,0
LF:5
LH:2
end_of_record
SF:/Users/yelinaung/Projects/WidgetLab/openapi_spec/lib/v20/media_type.dart
DA:18,0
DA:19,0
LF:2
LH:0
end_of_record
SF:/Users/yelinaung/Projects/WidgetLab/openapi_spec/lib/v20/media_type.g.dart
DA:9,0
DA:11,0
DA:13,0
DA:16,0
DA:17,0
DA:18,0
LF:6
LH:0
end_of_record
SF:/Users/yelinaung/Projects/WidgetLab/openapi_spec/lib/v20/openapi_spec.dart
DA:66,2
DA:69,1
DA:70,1
DA:71,2
DA:72,1
DA:73,0
DA:77,3
DA:81,1
DA:82,1
DA:83,1
DA:84,2
LF:11
LH:10
end_of_record
SF:/Users/yelinaung/Projects/WidgetLab/openapi_spec/lib/v20/openapi_spec.g.dart
DA:9,2
DA:10,1
DA:12,1
DA:14,2
DA:15,1
DA:16,1
DA:18,4
DA:20,1
DA:22,1
DA:24,2
DA:25,3
DA:29,2
DA:30,3
DA:34,2
DA:35,1
DA:36,2
DA:40,1
DA:41,0
DA:42,0
DA:45,1
DA:47,2
DA:49,1
DA:50,3
DA:51,1
DA:53,1
DA:56,2
DA:57,2
DA:58,3
DA:59,1
DA:60,1
DA:61,1
DA:62,1
DA:63,1
DA:64,3
DA:65,3
DA:66,3
DA:67,0
DA:69,4
DA:70,1
DA:71,4
DA:72,2
LF:41
LH:38
end_of_record
SF:/Users/yelinaung/Projects/WidgetLab/openapi_spec/lib/v20/operation.dart
DA:54,1
DA:55,1
LF:2
LH:2
end_of_record
SF:/Users/yelinaung/Projects/WidgetLab/openapi_spec/lib/v20/operation.g.dart
DA:9,2
DA:11,4
DA:13,1
DA:14,1
DA:15,1
DA:17,1
DA:18,3
DA:19,1
DA:22,1
DA:24,0
DA:26,2
DA:27,3
DA:31,1
DA:32,3
DA:33,1
DA:36,4
DA:38,4
DA:39,1
DA:42,0
DA:44,0
DA:45,0
DA:46,0
DA:47,0
DA:48,0
DA:49,0
DA:50,0
DA:51,0
DA:52,0
DA:53,0
DA:54,0
DA:55,0
LF:31
LH:17
end_of_record
SF:/Users/yelinaung/Projects/WidgetLab/openapi_spec/lib/v20/parser.dart
DA:10,1
DA:11,2
DA:16,0
DA:17,0
DA:21,0
DA:22,0
LF:6
LH:2
end_of_record
SF:/Users/yelinaung/Projects/WidgetLab/openapi_spec/lib/v20/path.dart
DA:63,1
DA:64,1
DA:65,2
DA:66,1
DA:67,0
DA:70,3
LF:6
LH:5
end_of_record
SF:/Users/yelinaung/Projects/WidgetLab/openapi_spec/lib/v20/path.g.dart
DA:9,2
DA:11,1
DA:13,2
DA:15,1
DA:17,2
DA:19,1
DA:21,2
DA:23,1
DA:25,2
DA:27,1
DA:29,0
DA:31,1
DA:33,0
DA:35,1
DA:37,0
DA:39,1
DA:41,0
DA:42,1
DA:44,1
DA:45,0
DA:46,0
DA:47,1
DA:50,0
DA:51,0
DA:52,0
DA:53,0
DA:54,0
DA:55,0
DA:56,0
DA:57,0
DA:58,0
DA:59,0
DA:60,0
DA:61,0
DA:62,0
LF:35
LH:16
end_of_record
SF:/Users/yelinaung/Projects/WidgetLab/openapi_spec/lib/v20/request_body.dart
DA:27,0
DA:28,0
LF:2
LH:0
end_of_record
SF:/Users/yelinaung/Projects/WidgetLab/openapi_spec/lib/v20/request_body.g.dart
DA:9,0
DA:10,0
DA:11,0
DA:13,0
DA:14,0
DA:19,0
DA:20,0
DA:21,0
DA:22,0
DA:23,0
LF:10
LH:0
end_of_record
SF:/Users/yelinaung/Projects/WidgetLab/openapi_spec/lib/v20/response.dart
DA:36,1
DA:37,1
LF:2
LH:2
end_of_record
SF:/Users/yelinaung/Projects/WidgetLab/openapi_spec/lib/v20/response.g.dart
DA:9,2
DA:10,1
DA:12,1
DA:14,2
DA:15,1
DA:16,0
DA:18,2
DA:19,3
DA:21,1
DA:24,2
DA:25,2
DA:26,3
DA:27,1
DA:29,0
DA:30,5
DA:32,1
DA:33,1
LF:17
LH:15
end_of_record
SF:/Users/yelinaung/Projects/WidgetLab/openapi_spec/lib/v20/schema.dart
DA:117,2
DA:120,0
DA:121,0
LF:3
LH:1
end_of_record
SF:/Users/yelinaung/Projects/WidgetLab/openapi_spec/lib/v20/schema.g.dart
DA:9,2
DA:10,1
DA:11,1
DA:12,1
DA:13,1
DA:14,1
DA:16,4
DA:17,2
DA:18,3
DA:21,1
DA:23,2
DA:24,1
DA:25,1
DA:26,1
DA:28,1
DA:30,2
DA:32,1
DA:34,1
DA:35,1
DA:37,1
DA:38,1
DA:39,1
DA:40,1
DA:42,1
DA:44,0
DA:46,1
DA:48,0
DA:49,0
DA:52,1
DA:53,0
DA:54,0
DA:55,1
DA:56,1
DA:57,1
DA:58,1
DA:59,1
DA:60,1
DA:61,1
DA:62,1
DA:63,1
DA:64,1
DA:67,2
DA:68,2
DA:69,2
DA:70,2
DA:71,1
DA:72,2
DA:73,2
DA:74,5
DA:76,1
DA:77,3
DA:78,2
DA:79,2
DA:80,2
DA:81,3
DA:82,2
DA:83,1
DA:84,1
DA:85,1
DA:86,1
DA:87,1
DA:88,1
DA:89,1
DA:90,0
DA:91,1
DA:92,0
DA:93,1
DA:94,1
DA:95,1
DA:96,1
DA:97,1
DA:98,1
DA:99,1
DA:100,1
DA:101,1
DA:102,1
LF:76
LH:69
end_of_record
SF:/Users/yelinaung/Projects/WidgetLab/openapi_spec/lib/v20/security.dart
DA:20,1
DA:23,1
DA:24,2
DA:30,2
DA:31,1
DA:33,1
DA:37,1
DA:39,1
DA:50,4
DA:53,0
DA:54,0
DA:55,0
DA:56,0
DA:62,0
DA:65,0
DA:66,0
DA:67,0
DA:68,0
DA:70,0
DA:71,0
DA:110,1
DA:111,1
LF:22
LH:11
end_of_record
SF:/Users/yelinaung/Projects/WidgetLab/openapi_spec/lib/v20/security.g.dart
DA:9,1
DA:10,1
DA:11,1
DA:12,1
DA:13,1
DA:14,2
DA:15,1
DA:16,1
DA:17,1
DA:18,1
DA:19,2
DA:20,2
DA:24,1
DA:26,1
DA:27,2
DA:28,1
DA:29,2
DA:30,2
DA:31,1
DA:32,1
DA:33,1
DA:34,2
DA:35,2
DA:36,2
LF:24
LH:24
end_of_record
SF:/Users/yelinaung/Projects/WidgetLab/openapi_spec/lib/v20/server.dart
DA:29,0
LF:1
LH:0
end_of_record
SF:/Users/yelinaung/Projects/WidgetLab/openapi_spec/lib/v20/server.g.dart
DA:9,0
DA:10,0
DA:11,0
DA:12,0
DA:15,0
DA:16,0
DA:17,0
DA:18,0
LF:8
LH:0
end_of_record
SF:/Users/yelinaung/Projects/WidgetLab/openapi_spec/lib/v20/tag.dart
DA:24,2
LF:1
LH:1
end_of_record
SF:/Users/yelinaung/Projects/WidgetLab/openapi_spec/lib/v20/tag.g.dart
DA:9,2
DA:10,1
DA:11,1
DA:13,1
DA:15,2
DA:18,0
DA:19,0
DA:20,0
DA:21,0
LF:9
LH:5
end_of_record
SF:/Users/yelinaung/Projects/WidgetLab/openapi_spec/lib/v20/xml.dart
DA:23,2
LF:1
LH:1
end_of_record
SF:/Users/yelinaung/Projects/WidgetLab/openapi_spec/lib/v20/xml.g.dart
DA:9,2
DA:10,1
DA:11,1
DA:12,1
DA:13,1
DA:14,1
DA:17,2
DA:18,2
DA:19,1
DA:20,1
DA:21,1
DA:22,2
LF:12
LH:12
end_of_record
SF:/Users/yelinaung/Projects/WidgetLab/openapi_spec/lib/v20/parameter.dart
DA:62,1
DA:63,1
LF:2
LH:2
end_of_record
SF:/Users/yelinaung/Projects/WidgetLab/openapi_spec/lib/v20/parameter.g.dart
DA:9,2
DA:10,1
DA:11,1
DA:12,2
DA:13,1
DA:14,1
DA:15,1
DA:17,1
DA:19,2
DA:20,1
DA:21,1
DA:22,1
DA:24,1
DA:26,2
DA:27,1
DA:28,1
DA:29,1
DA:32,1
DA:34,1
DA:35,1
DA:36,2
DA:37,2
DA:38,1
DA:39,2
DA:40,2
DA:41,1
DA:42,3
DA:43,2
DA:44,2
DA:45,2
DA:46,3
DA:47,2
DA:48,2
DA:49,1
LF:34
LH:34
end_of_record
SF:/Users/yelinaung/Projects/WidgetLab/openapi_spec/lib/v31/callback.dart
DA:12,0
DA:15,0
DA:16,0
DA:17,0
DA:19,0
DA:29,0
DA:30,0
LF:7
LH:0
end_of_record
SF:/Users/yelinaung/Projects/WidgetLab/openapi_spec/lib/v31/components.dart
DA:59,1
DA:63,1
DA:64,1
DA:65,2
DA:66,1
DA:67,0
DA:71,3
DA:75,0
DA:76,0
DA:77,0
DA:78,0
LF:11
LH:6
end_of_record
SF:/Users/yelinaung/Projects/WidgetLab/openapi_spec/lib/v31/components.g.dart
DA:9,2
DA:10,2
DA:11,3
DA:13,2
DA:14,3
DA:16,2
DA:17,3
DA:19,1
DA:20,0
DA:22,2
DA:23,3
DA:25,2
DA:26,3
DA:28,1
DA:29,0
DA:31,1
DA:32,0
DA:34,1
DA:35,0
DA:37,1
DA:38,0
DA:42,0
DA:44,0
DA:45,0
DA:47,0
DA:48,0
DA:50,0
DA:51,0
DA:53,0
DA:54,0
DA:56,0
DA:57,0
DA:59,0
DA:60,0
DA:62,0
DA:63,0
DA:64,0
DA:65,0
DA:67,0
DA:68,0
DA:70,0
DA:71,0
DA:73,0
LF:43
LH:16
end_of_record
SF:/Users/yelinaung/Projects/WidgetLab/openapi_spec/lib/v31/contact.dart
DA:23,1
DA:24,1
LF:2
LH:2
end_of_record
SF:/Users/yelinaung/Projects/WidgetLab/openapi_spec/lib/v31/contact.g.dart
DA:9,2
DA:10,1
DA:11,1
DA:12,1
DA:15,0
DA:16,0
DA:17,0
DA:18,0
LF:8
LH:4
end_of_record
SF:/Users/yelinaung/Projects/WidgetLab/openapi_spec/lib/v31/discriminator.dart
DA:22,0
DA:23,0
LF:2
LH:0
end_of_record
SF:/Users/yelinaung/Projects/WidgetLab/openapi_spec/lib/v31/discriminator.g.dart
DA:9,0
DA:10,0
DA:11,0
DA:12,0
DA:13,0
DA:17,0
DA:18,0
DA:19,0
DA:20,0
LF:9
LH:0
end_of_record
SF:/Users/yelinaung/Projects/WidgetLab/openapi_spec/lib/v31/example.dart
DA:31,1
DA:32,1
LF:2
LH:2
end_of_record
SF:/Users/yelinaung/Projects/WidgetLab/openapi_spec/lib/v31/example.g.dart
DA:9,2
DA:10,1
DA:11,1
DA:12,1
DA:13,1
DA:16,2
DA:17,2
DA:18,1
DA:19,2
DA:20,1
LF:10
LH:10
end_of_record
SF:/Users/yelinaung/Projects/WidgetLab/openapi_spec/lib/v31/external_docs.dart
DA:19,1
DA:20,1
LF:2
LH:2
end_of_record
SF:/Users/yelinaung/Projects/WidgetLab/openapi_spec/lib/v31/external_docs.g.dart
DA:9,1
DA:10,1
DA:11,1
DA:12,1
DA:15,0
DA:16,0
LF:6
LH:4
end_of_record
SF:/Users/yelinaung/Projects/WidgetLab/openapi_spec/lib/v31/header.dart
DA:54,2
LF:1
LH:1
end_of_record
SF:/Users/yelinaung/Projects/WidgetLab/openapi_spec/lib/v31/header.g.dart
DA:9,2
DA:10,1
DA:11,1
DA:12,1
DA:13,1
DA:14,1
DA:16,1
DA:18,2
DA:19,1
DA:20,2
DA:21,3
DA:23,1
DA:24,0
DA:26,1
DA:29,2
DA:30,2
DA:31,1
DA:32,1
DA:33,1
DA:34,1
DA:35,3
DA:36,1
DA:37,5
DA:39,1
DA:40,1
DA:42,0
DA:43,2
LF:27
LH:25
end_of_record
SF:/Users/yelinaung/Projects/WidgetLab/openapi_spec/lib/v31/info.dart
DA:40,2
DA:44,1
DA:45,1
DA:46,5
DA:48,3
DA:53,1
DA:54,1
DA:55,1
DA:56,0
LF:9
LH:8
end_of_record
SF:/Users/yelinaung/Projects/WidgetLab/openapi_spec/lib/v31/info.g.dart
DA:9,2
DA:10,1
DA:11,1
DA:12,1
DA:13,1
DA:15,1
DA:17,2
DA:19,1
DA:21,2
DA:22,1
DA:25,2
DA:26,2
DA:27,2
DA:28,1
DA:29,1
DA:30,1
DA:31,1
DA:32,1
LF:18
LH:18
end_of_record
SF:/Users/yelinaung/Projects/WidgetLab/openapi_spec/lib/v31/license.dart
DA:23,1
DA:24,1
LF:2
LH:2
end_of_record
SF:/Users/yelinaung/Projects/WidgetLab/openapi_spec/lib/v31/license.g.dart
DA:9,2
DA:10,1
DA:11,1
DA:12,1
DA:15,0
DA:16,0
DA:17,0
DA:18,0
LF:8
LH:4
end_of_record
SF:/Users/yelinaung/Projects/WidgetLab/openapi_spec/lib/v31/link.dart
DA:42,0
LF:1
LH:0
end_of_record
SF:/Users/yelinaung/Projects/WidgetLab/openapi_spec/lib/v31/link.g.dart
DA:9,0
DA:10,0
DA:11,0
DA:12,0
DA:13,0
DA:14,0
DA:16,0
DA:18,0
DA:21,0
DA:22,0
DA:23,0
DA:24,0
DA:25,0
DA:26,0
DA:27,0
LF:15
LH:0
end_of_record
SF:/Users/yelinaung/Projects/WidgetLab/openapi_spec/lib/v31/media_type.dart
DA:31,1
DA:32,1
LF:2
LH:2
end_of_record
SF:/Users/yelinaung/Projects/WidgetLab/openapi_spec/lib/v31/media_type.g.dart
DA:9,2
DA:11,1
DA:13,2
DA:14,1
DA:15,2
DA:16,3
DA:18,1
DA:19,0
DA:23,1
DA:24,1
DA:25,3
DA:26,2
DA:27,5
DA:29,1
DA:30,1
DA:32,0
LF:16
LH:14
end_of_record
SF:/Users/yelinaung/Projects/WidgetLab/openapi_spec/lib/v31/openapi_spec.dart
DA:60,2
DA:63,1
DA:64,1
DA:65,2
DA:66,1
DA:67,1
DA:71,3
DA:75,1
DA:76,1
DA:77,1
DA:78,2
LF:11
LH:11
end_of_record
SF:/Users/yelinaung/Projects/WidgetLab/openapi_spec/lib/v31/openapi_spec.g.dart
DA:9,2
DA:10,2
DA:11,1
DA:13,1
DA:14,3
DA:15,1
DA:17,2
DA:18,3
DA:22,1
DA:24,2
DA:25,1
DA:27,1
DA:28,3
DA:29,1
DA:32,1
DA:33,3
DA:34,1
DA:37,1
DA:39,2
DA:41,2
DA:42,3
DA:45,1
DA:48,2
DA:49,3
DA:50,2
DA:51,1
DA:52,0
DA:53,3
DA:54,1
DA:55,1
DA:56,4
DA:57,4
DA:58,1
DA:59,3
DA:60,2
LF:35
LH:34
end_of_record
SF:/Users/yelinaung/Projects/WidgetLab/openapi_spec/lib/v31/operation.dart
DA:59,1
DA:60,1
LF:2
LH:2
end_of_record
SF:/Users/yelinaung/Projects/WidgetLab/openapi_spec/lib/v31/operation.g.dart
DA:9,2
DA:11,4
DA:13,1
DA:14,1
DA:16,1
DA:18,0
DA:19,1
DA:21,1
DA:22,3
DA:23,1
DA:26,1
DA:28,2
DA:30,2
DA:31,3
DA:35,1
DA:36,3
DA:37,1
DA:39,1
DA:41,1
DA:42,0
DA:43,0
DA:46,0
DA:48,0
DA:49,0
DA:50,0
DA:51,0
DA:52,0
DA:53,0
DA:54,0
DA:55,0
DA:56,0
DA:57,0
DA:58,0
DA:59,0
DA:60,0
LF:35
LH:18
end_of_record
SF:/Users/yelinaung/Projects/WidgetLab/openapi_spec/lib/v31/parameter.dart
DA:65,1
DA:66,1
LF:2
LH:2
end_of_record
SF:/Users/yelinaung/Projects/WidgetLab/openapi_spec/lib/v31/parameter.g.dart
DA:9,2
DA:10,1
DA:11,1
DA:12,2
DA:13,1
DA:14,1
DA:15,1
DA:17,1
DA:19,2
DA:20,1
DA:21,1
DA:22,1
DA:24,1
DA:26,0
DA:27,1
DA:28,1
DA:29,1
DA:30,1
DA:33,1
DA:35,1
DA:36,2
DA:37,2
DA:38,2
DA:39,1
DA:40,2
DA:41,2
DA:42,1
DA:43,3
DA:44,1
DA:45,1
DA:46,1
DA:47,1
DA:48,1
DA:49,1
DA:50,1
DA:51,2
LF:36
LH:35
end_of_record
SF:/Users/yelinaung/Projects/WidgetLab/openapi_spec/lib/v31/parser.dart
DA:10,1
DA:11,2
DA:16,1
DA:17,2
DA:21,0
DA:22,0
LF:6
LH:4
end_of_record
SF:/Users/yelinaung/Projects/WidgetLab/openapi_spec/lib/v31/path.dart
DA:78,1
DA:81,1
DA:82,1
DA:83,2
DA:84,1
DA:85,0
DA:88,3
DA:92,0
DA:93,0
DA:94,0
DA:95,0
LF:11
LH:6
end_of_record
SF:/Users/yelinaung/Projects/WidgetLab/openapi_spec/lib/v31/path.g.dart
DA:9,2
DA:11,1
DA:13,2
DA:15,1
DA:17,2
DA:19,1
DA:21,2
DA:23,1
DA:25,2
DA:27,1
DA:29,0
DA:31,1
DA:33,0
DA:35,1
DA:37,0
DA:39,1
DA:41,0
DA:42,1
DA:43,1
DA:44,1
DA:46,1
DA:47,0
DA:48,0
DA:50,1
DA:51,3
DA:52,1
DA:53,1
DA:56,0
DA:57,0
DA:58,0
DA:59,0
DA:60,0
DA:61,0
DA:62,0
DA:63,0
DA:64,0
DA:65,0
DA:66,0
DA:67,0
DA:68,0
DA:69,0
DA:70,0
DA:71,0
DA:72,0
LF:44
LH:21
end_of_record
SF:/Users/yelinaung/Projects/WidgetLab/openapi_spec/lib/v31/request_body.dart
DA:27,1
DA:28,1
LF:2
LH:2
end_of_record
SF:/Users/yelinaung/Projects/WidgetLab/openapi_spec/lib/v31/request_body.g.dart
DA:9,2
DA:10,1
DA:11,1
DA:13,2
DA:14,3
DA:19,0
DA:20,0
DA:21,0
DA:22,0
DA:23,0
LF:10
LH:5
end_of_record
SF:/Users/yelinaung/Projects/WidgetLab/openapi_spec/lib/v31/response.dart
DA:41,1
DA:44,1
DA:45,1
DA:46,2
DA:47,1
DA:48,0
DA:51,3
DA:55,1
DA:56,1
DA:57,1
DA:58,2
LF:11
LH:10
end_of_record
SF:/Users/yelinaung/Projects/WidgetLab/openapi_spec/lib/v31/response.g.dart
DA:9,2
DA:10,1
DA:11,2
DA:12,3
DA:14,2
DA:15,3
DA:17,1
DA:18,0
DA:20,1
DA:23,2
DA:24,2
DA:25,5
DA:27,1
DA:28,5
DA:30,1
DA:31,1
DA:32,0
DA:33,2
LF:18
LH:16
end_of_record
SF:/Users/yelinaung/Projects/WidgetLab/openapi_spec/lib/v31/schema.dart
DA:192,1
DA:195,1
DA:196,1
DA:197,2
DA:198,1
DA:199,0
DA:203,1
DA:204,0
DA:205,0
DA:207,0
DA:208,0
DA:212,1
DA:213,1
DA:214,1
DA:216,0
DA:217,0
DA:221,3
DA:230,0
DA:232,0
DA:234,0
DA:235,0
DA:237,0
DA:238,0
DA:239,0
DA:240,0
DA:241,0
LF:26
LH:10
end_of_record
SF:/Users/yelinaung/Projects/WidgetLab/openapi_spec/lib/v31/schema.g.dart
DA:9,2
DA:10,1
DA:11,1
DA:12,1
DA:13,1
DA:15,4
DA:16,2
DA:17,3
DA:20,1
DA:22,2
DA:23,1
DA:24,1
DA:25,1
DA:26,1
DA:28,1
DA:30,2
DA:31,1
DA:32,1
DA:33,1
DA:34,1
DA:35,1
DA:37,1
DA:39,0
DA:41,1
DA:43,0
DA:44,0
DA:47,1
DA:48,3
DA:49,1
DA:51,1
DA:52,3
DA:53,1
DA:55,1
DA:56,0
DA:57,0
DA:59,1
DA:61,0
DA:62,1
DA:63,1
DA:64,1
DA:65,1
DA:66,1
DA:67,2
DA:68,2
DA:69,1
DA:70,1
DA:71,1
DA:72,1
DA:73,1
DA:74,1
DA:75,1
DA:76,1
DA:77,1
DA:78,1
DA:79,1
DA:80,1
DA:81,1
DA:82,1
DA:83,1
DA:84,0
DA:86,1
DA:87,1
DA:88,1
DA:89,1
DA:90,1
DA:91,0
DA:93,1
DA:96,2
DA:97,2
DA:98,2
DA:99,2
DA:100,2
DA:101,2
DA:102,2
DA:103,5
DA:105,1
DA:106,3
DA:107,2
DA:108,2
DA:109,2
DA:110,2
DA:111,3
DA:112,1
DA:113,0
DA:114,2
DA:115,2
DA:116,2
DA:117,2
DA:118,1
DA:119,1
DA:120,0
DA:121,5
DA:122,1
DA:123,5
DA:124,1
DA:125,1
DA:126,0
DA:127,1
DA:128,1
DA:129,2
DA:130,2
DA:131,1
DA:132,1
DA:133,2
DA:134,2
DA:135,1
DA:136,1
DA:137,1
DA:138,1
DA:139,1
DA:140,1
DA:141,1
DA:142,1
DA:143,2
DA:144,2
DA:145,2
DA:146,2
DA:147,1
DA:148,1
DA:149,1
DA:150,0
DA:151,1
DA:152,1
DA:153,2
DA:154,2
DA:155,1
DA:157,0
DA:158,1
DA:159,1
LF:129
LH:116
end_of_record
SF:/Users/yelinaung/Projects/WidgetLab/openapi_spec/lib/v31/security.dart
DA:20,1
DA:23,1
DA:24,2
DA:30,2
DA:31,1
DA:33,1
DA:37,1
DA:39,1
DA:50,4
DA:53,0
DA:54,0
DA:55,0
DA:56,0
DA:62,0
DA:65,0
DA:66,0
DA:67,0
DA:68,0
DA:70,0
DA:71,0
DA:110,1
DA:113,1
DA:114,1
DA:115,2
DA:116,1
DA:117,0
DA:121,3
DA:125,1
DA:126,1
DA:127,1
DA:128,2
DA:154,1
DA:155,1
DA:178,1
DA:179,1
LF:35
LH:23
end_of_record
SF:/Users/yelinaung/Projects/WidgetLab/openapi_spec/lib/v31/security.g.dart
DA:9,1
DA:10,1
DA:11,1
DA:12,1
DA:13,1
DA:14,2
DA:15,1
DA:16,1
DA:18,1
DA:20,2
DA:21,1
DA:24,1
DA:26,1
DA:27,2
DA:28,2
DA:29,2
DA:30,2
DA:31,1
DA:32,1
DA:33,1
DA:34,3
DA:35,1
DA:47,2
DA:48,2
DA:49,1
DA:50,1
DA:51,1
DA:54,1
DA:56,1
DA:57,2
DA:58,2
DA:59,2
DA:60,1
DA:63,2
DA:65,1
DA:67,2
DA:69,1
DA:71,0
DA:73,1
DA:75,0
DA:76,0
DA:79,1
DA:81,1
DA:82,1
DA:86,1
DA:87,1
DA:88,3
DA:89,1
DA:90,1
DA:91,0
DA:92,2
DA:93,1
LF:52
LH:48
end_of_record
SF:/Users/yelinaung/Projects/WidgetLab/openapi_spec/lib/v31/server.dart
DA:29,2
DA:54,0
DA:57,0
DA:58,0
LF:4
LH:1
end_of_record
SF:/Users/yelinaung/Projects/WidgetLab/openapi_spec/lib/v31/server.g.dart
DA:9,2
DA:10,1
DA:11,1
DA:12,1
DA:13,0
DA:17,0
DA:18,0
DA:19,0
DA:20,0
DA:22,0
DA:25,0
DA:26,0
DA:27,0
DA:29,0
DA:30,0
DA:33,0
DA:34,0
DA:35,0
DA:36,0
DA:37,0
LF:20
LH:4
end_of_record
SF:/Users/yelinaung/Projects/WidgetLab/openapi_spec/lib/v31/tag.dart
DA:24,2
LF:1
LH:1
end_of_record
SF:/Users/yelinaung/Projects/WidgetLab/openapi_spec/lib/v31/tag.g.dart
DA:9,2
DA:10,1
DA:11,1
DA:13,1
DA:15,2
DA:18,0
DA:19,0
DA:20,0
DA:21,0
LF:9
LH:5
end_of_record
SF:/Users/yelinaung/Projects/WidgetLab/openapi_spec/lib/v31/xml.dart
DA:23,2
LF:1
LH:1
end_of_record
SF:/Users/yelinaung/Projects/WidgetLab/openapi_spec/lib/v31/xml.g.dart
DA:9,2
DA:10,1
DA:11,1
DA:12,1
DA:13,1
DA:14,1
DA:17,2
DA:18,2
DA:19,2
DA:20,1
DA:21,1
DA:22,2
LF:12
LH:12
end_of_record
SF:/Users/yelinaung/Projects/WidgetLab/openapi_spec/lib/v31/encoding.dart
DA:44,0
DA:47,0
DA:48,0
DA:49,0
DA:51,0
DA:52,0
DA:53,0
DA:54,0
DA:56,0
DA:59,0
DA:60,0
DA:61,0
DA:66,0
DA:67,0
DA:68,0
DA:70,0
DA:71,0
DA:72,0
DA:74,0
DA:75,0
DA:77,0
DA:78,0
LF:22
LH:0
end_of_record
SF:/Users/yelinaung/Projects/WidgetLab/openapi_spec/lib/v31/encoding.g.dart
DA:9,0
DA:10,0
DA:12,0
DA:13,0
DA:16,0
DA:17,0
DA:18,0
DA:19,0
DA:22,0
DA:23,0
DA:24,0
DA:25,0
DA:26,0
DA:27,0
DA:28,0
LF:15
LH:0
end_of_record
SF:/Users/yelinaung/Projects/WidgetLab/openapi_spec/lib/v30/contact.dart
DA:22,1
DA:23,1
LF:2
LH:2
end_of_record
SF:/Users/yelinaung/Projects/WidgetLab/openapi_spec/lib/v30/contact.g.dart
DA:9,2
DA:10,1
DA:11,1
DA:12,1
DA:15,0
DA:16,0
DA:17,0
DA:18,0
LF:8
LH:4
end_of_record
SF:/Users/yelinaung/Projects/WidgetLab/openapi_spec/lib/v30/discriminator.dart
DA:22,0
DA:23,0
LF:2
LH:0
end_of_record
SF:/Users/yelinaung/Projects/WidgetLab/openapi_spec/lib/v30/discriminator.g.dart
DA:9,0
DA:10,0
DA:11,0
DA:12,0
DA:13,0
DA:17,0
DA:18,0
DA:19,0
DA:20,0
LF:9
LH:0
end_of_record
SF:/Users/yelinaung/Projects/WidgetLab/openapi_spec/lib/v30/external_docs.dart
DA:19,1
DA:20,1
LF:2
LH:2
end_of_record
SF:/Users/yelinaung/Projects/WidgetLab/openapi_spec/lib/v30/external_docs.g.dart
DA:9,1
DA:10,1
DA:11,1
DA:12,1
DA:15,0
DA:16,0
LF:6
LH:4
end_of_record
SF:/Users/yelinaung/Projects/WidgetLab/openapi_spec/lib/v30/header.dart
DA:54,2
LF:1
LH:1
end_of_record
SF:/Users/yelinaung/Projects/WidgetLab/openapi_spec/lib/v30/header.g.dart
DA:9,2
DA:10,1
DA:11,1
DA:12,1
DA:13,1
DA:14,1
DA:16,1
DA:18,2
DA:19,1
DA:20,1
DA:21,0
DA:23,1
DA:24,0
DA:26,1
DA:29,2
DA:30,2
DA:31,1
DA:32,1
DA:33,1
DA:34,1
DA:35,3
DA:36,1
DA:37,1
DA:39,0
DA:40,1
DA:42,0
DA:43,1
LF:27
LH:23
end_of_record
SF:/Users/yelinaung/Projects/WidgetLab/openapi_spec/lib/v30/info.dart
DA:42,1
DA:43,1
DA:44,5
DA:46,3
DA:50,0
DA:52,0
DA:53,0
DA:54,0
LF:8
LH:4
end_of_record
SF:/Users/yelinaung/Projects/WidgetLab/openapi_spec/lib/v30/info.g.dart
DA:9,2
DA:10,1
DA:11,1
DA:12,1
DA:13,1
DA:15,1
DA:17,2
DA:19,1
DA:21,2
DA:22,1
DA:25,2
DA:26,2
DA:27,2
DA:28,1
DA:29,1
DA:30,1
DA:31,1
DA:32,1
LF:18
LH:18
end_of_record
SF:/Users/yelinaung/Projects/WidgetLab/openapi_spec/lib/v30/license.dart
DA:19,1
DA:20,1
LF:2
LH:2
end_of_record
SF:/Users/yelinaung/Projects/WidgetLab/openapi_spec/lib/v30/license.g.dart
DA:9,1
DA:10,3
DA:12,0
DA:13,0
DA:14,0
LF:5
LH:2
end_of_record
SF:/Users/yelinaung/Projects/WidgetLab/openapi_spec/lib/v30/media_type.dart
DA:31,1
DA:32,1
LF:2
LH:2
end_of_record
SF:/Users/yelinaung/Projects/WidgetLab/openapi_spec/lib/v30/media_type.g.dart
DA:9,2
DA:11,1
DA:13,2
DA:14,1
DA:15,1
DA:16,0
DA:18,1
DA:19,0
DA:23,1
DA:24,1
DA:25,3
DA:26,1
DA:27,1
DA:29,0
DA:30,1
DA:32,0
LF:16
LH:12
end_of_record
SF:/Users/yelinaung/Projects/WidgetLab/openapi_spec/lib/v30/openapi_spec.dart
DA:52,2
DA:55,1
DA:56,1
DA:57,2
DA:58,1
DA:59,0
DA:63,3
DA:67,1
DA:68,1
DA:69,1
DA:70,2
LF:11
LH:10
end_of_record
SF:/Users/yelinaung/Projects/WidgetLab/openapi_spec/lib/v30/openapi_spec.g.dart
DA:9,2
DA:10,1
DA:12,1
DA:14,2
DA:16,1
DA:17,3
DA:18,1
DA:21,2
DA:22,3
DA:26,1
DA:28,2
DA:30,1
DA:31,0
DA:32,0
DA:35,1
DA:36,3
DA:37,1
DA:40,1
DA:42,2
DA:43,1
DA:46,2
DA:47,2
DA:48,3
DA:49,4
DA:50,3
DA:51,1
DA:52,4
DA:53,4
DA:54,1
DA:55,2
LF:30
LH:28
end_of_record
SF:/Users/yelinaung/Projects/WidgetLab/openapi_spec/lib/v30/operation.dart
DA:59,1
DA:60,1
LF:2
LH:2
end_of_record
SF:/Users/yelinaung/Projects/WidgetLab/openapi_spec/lib/v30/operation.g.dart
DA:9,2
DA:11,4
DA:13,1
DA:14,1
DA:16,1
DA:18,0
DA:19,1
DA:21,1
DA:22,3
DA:23,1
DA:26,1
DA:28,2
DA:30,2
DA:31,3
DA:35,1
DA:36,3
DA:37,1
DA:39,1
DA:41,1
DA:42,0
DA:43,0
DA:46,0
DA:48,0
DA:49,0
DA:50,0
DA:51,0
DA:52,0
DA:53,0
DA:54,0
DA:55,0
DA:56,0
DA:57,0
DA:58,0
DA:59,0
DA:60,0
LF:35
LH:18
end_of_record
SF:/Users/yelinaung/Projects/WidgetLab/openapi_spec/lib/v30/parser.dart
DA:10,1
DA:11,2
DA:16,0
DA:17,0
DA:21,0
DA:22,0
LF:6
LH:2
end_of_record
SF:/Users/yelinaung/Projects/WidgetLab/openapi_spec/lib/v30/path.dart
DA:78,1
DA:81,1
DA:82,1
DA:83,2
DA:84,1
DA:85,0
DA:88,3
DA:92,0
DA:93,0
DA:94,0
DA:95,0
LF:11
LH:6
end_of_record
SF:/Users/yelinaung/Projects/WidgetLab/openapi_spec/lib/v30/path.g.dart
DA:9,2
DA:11,1
DA:13,2
DA:15,1
DA:17,2
DA:19,1
DA:21,2
DA:23,1
DA:25,2
DA:27,1
DA:29,0
DA:31,1
DA:33,0
DA:35,1
DA:37,0
DA:39,1
DA:41,0
DA:42,1
DA:43,1
DA:44,1
DA:46,1
DA:47,0
DA:48,0
DA:50,1
DA:51,0
DA:52,0
DA:53,1
DA:56,0
DA:57,0
DA:58,0
DA:59,0
DA:60,0
DA:61,0
DA:62,0
DA:63,0
DA:64,0
DA:65,0
DA:66,0
DA:67,0
DA:68,0
DA:69,0
DA:70,0
DA:71,0
DA:72,0
LF:44
LH:19
end_of_record
SF:/Users/yelinaung/Projects/WidgetLab/openapi_spec/lib/v30/request_body.dart
DA:27,1
DA:28,1
LF:2
LH:2
end_of_record
SF:/Users/yelinaung/Projects/WidgetLab/openapi_spec/lib/v30/request_body.g.dart
DA:9,2
DA:10,1
DA:11,1
DA:13,2
DA:14,3
DA:19,1
DA:20,1
DA:21,2
DA:22,1
DA:23,6
LF:10
LH:10
end_of_record
SF:/Users/yelinaung/Projects/WidgetLab/openapi_spec/lib/v30/response.dart
DA:38,1
DA:41,1
DA:42,1
DA:43,2
DA:44,1
DA:45,0
DA:48,3
DA:52,1
DA:53,1
DA:54,1
DA:55,2
LF:11
LH:10
end_of_record
SF:/Users/yelinaung/Projects/WidgetLab/openapi_spec/lib/v30/response.g.dart
DA:9,2
DA:10,1
DA:11,2
DA:12,3
DA:14,2
DA:15,3
DA:17,1
DA:18,0
DA:22,2
DA:23,2
DA:24,5
DA:26,1
DA:27,5
DA:29,1
DA:30,1
DA:31,0
LF:16
LH:14
end_of_record
SF:/Users/yelinaung/Projects/WidgetLab/openapi_spec/lib/v30/schema.dart
DA:151,1
DA:154,1
DA:155,1
DA:156,2
DA:157,1
DA:158,0
DA:162,1
DA:163,1
DA:164,1
DA:166,1
DA:167,1
DA:171,3
DA:178,1
DA:179,1
DA:181,1
DA:182,2
DA:184,1
DA:185,2
DA:186,0
DA:187,2
DA:188,1
DA:189,2
LF:22
LH:20
end_of_record
SF:/Users/yelinaung/Projects/WidgetLab/openapi_spec/lib/v30/schema.g.dart
DA:9,2
DA:10,1
DA:11,1
DA:12,1
DA:13,1
DA:14,1
DA:16,4
DA:17,2
DA:18,3
DA:21,1
DA:23,2
DA:24,1
DA:25,1
DA:26,1
DA:28,1
DA:30,2
DA:31,1
DA:32,1
DA:33,1
DA:34,1
DA:35,1
DA:36,1
DA:38,1
DA:40,0
DA:42,1
DA:44,0
DA:45,0
DA:48,1
DA:49,0
DA:50,0
DA:52,1
DA:53,0
DA:54,0
DA:56,1
DA:57,0
DA:58,0
DA:60,1
DA:62,0
DA:63,1
DA:64,1
DA:65,1
DA:66,1
DA:67,1
DA:68,1
DA:69,1
DA:70,1
DA:71,1
DA:72,1
DA:73,1
DA:74,1
DA:75,1
DA:78,2
DA:79,2
DA:80,2
DA:81,2
DA:82,1
DA:83,2
DA:84,2
DA:85,5
DA:87,1
DA:88,3
DA:89,2
DA:90,2
DA:91,2
DA:92,3
DA:93,1
DA:94,1
DA:95,1
DA:96,1
DA:97,1
DA:98,1
DA:99,1
DA:100,1
DA:101,0
DA:102,1
DA:103,0
DA:104,1
DA:105,0
DA:106,1
DA:107,0
DA:108,1
DA:109,1
DA:110,1
DA:111,1
DA:112,1
DA:113,1
DA:114,1
DA:115,1
DA:116,1
DA:117,1
DA:118,1
DA:119,1
DA:120,1
DA:121,1
LF:94
LH:80
end_of_record
SF:/Users/yelinaung/Projects/WidgetLab/openapi_spec/lib/v30/security.dart
DA:20,1
DA:23,1
DA:24,2
DA:30,2
DA:31,1
DA:33,1
DA:37,1
DA:39,1
DA:50,4
DA:53,0
DA:54,0
DA:55,0
DA:56,0
DA:62,0
DA:65,0
DA:66,0
DA:67,0
DA:68,0
DA:70,0
DA:71,0
DA:110,1
DA:113,1
DA:114,1
DA:115,2
DA:116,1
DA:117,0
DA:121,3
DA:125,1
DA:126,1
DA:127,1
DA:128,2
DA:154,1
DA:155,1
DA:178,1
DA:179,1
LF:35
LH:23
end_of_record
SF:/Users/yelinaung/Projects/WidgetLab/openapi_spec/lib/v30/security.g.dart
DA:9,1
DA:10,1
DA:11,1
DA:12,1
DA:13,1
DA:14,2
DA:15,1
DA:16,1
DA:18,1
DA:20,2
DA:21,1
DA:24,1
DA:26,1
DA:27,2
DA:28,1
DA:29,2
DA:30,2
DA:31,1
DA:32,1
DA:33,1
DA:34,3
DA:35,1
DA:47,2
DA:48,2
DA:49,1
DA:50,1
DA:51,1
DA:54,1
DA:56,1
DA:57,2
DA:58,2
DA:59,1
DA:60,1
DA:63,2
DA:65,1
DA:67,2
DA:69,1
DA:71,0
DA:73,1
DA:75,0
DA:76,0
DA:79,1
DA:81,0
DA:82,0
DA:86,1
DA:87,1
DA:88,3
DA:89,1
DA:90,1
DA:91,0
DA:92,1
DA:93,0
LF:52
LH:45
end_of_record
SF:/Users/yelinaung/Projects/WidgetLab/openapi_spec/lib/v30/server.dart
DA:29,2
LF:1
LH:1
end_of_record
SF:/Users/yelinaung/Projects/WidgetLab/openapi_spec/lib/v30/server.g.dart
DA:9,2
DA:10,1
DA:11,1
DA:12,1
DA:15,0
DA:16,0
DA:17,0
DA:18,0
LF:8
LH:4
end_of_record
SF:/Users/yelinaung/Projects/WidgetLab/openapi_spec/lib/v30/tag.dart
DA:24,2
LF:1
LH:1
end_of_record
SF:/Users/yelinaung/Projects/WidgetLab/openapi_spec/lib/v30/tag.g.dart
DA:9,2
DA:10,1
DA:11,1
DA:13,1
DA:15,2
DA:18,0
DA:19,0
DA:20,0
DA:21,0
LF:9
LH:5
end_of_record
SF:/Users/yelinaung/Projects/WidgetLab/openapi_spec/lib/v30/xml.dart
DA:23,2
LF:1
LH:1
end_of_record
SF:/Users/yelinaung/Projects/WidgetLab/openapi_spec/lib/v30/xml.g.dart
DA:9,2
DA:10,1
DA:11,1
DA:12,1
DA:13,1
DA:14,1
DA:17,2
DA:18,2
DA:19,1
DA:20,1
DA:21,1
DA:22,2
LF:12
LH:12
end_of_record
SF:/Users/yelinaung/Projects/WidgetLab/openapi_spec/lib/v30/callback.dart
DA:12,0
DA:15,0
DA:16,0
DA:17,0
DA:19,0
DA:29,0
DA:30,0
LF:7
LH:0
end_of_record
SF:/Users/yelinaung/Projects/WidgetLab/openapi_spec/lib/v30/components.dart
DA:55,1
DA:59,1
DA:60,1
DA:61,2
DA:62,1
DA:63,0
DA:67,3
DA:71,0
DA:72,0
DA:73,0
DA:74,0
LF:11
LH:6
end_of_record
SF:/Users/yelinaung/Projects/WidgetLab/openapi_spec/lib/v30/components.g.dart
DA:9,2
DA:10,2
DA:11,3
DA:13,1
DA:14,0
DA:16,1
DA:17,0
DA:19,2
DA:20,3
DA:22,2
DA:23,3
DA:25,1
DA:26,0
DA:28,1
DA:29,0
DA:31,1
DA:32,0
DA:34,1
DA:35,0
DA:39,0
DA:41,0
DA:42,0
DA:44,0
DA:45,0
DA:47,0
DA:48,0
DA:50,0
DA:51,0
DA:53,0
DA:54,0
DA:56,0
DA:57,0
DA:59,0
DA:60,0
DA:61,0
DA:62,0
DA:64,0
DA:65,0
DA:67,0
LF:39
LH:13
end_of_record
SF:/Users/yelinaung/Projects/WidgetLab/openapi_spec/lib/v30/example.dart
DA:31,0
DA:32,0
LF:2
LH:0
end_of_record
SF:/Users/yelinaung/Projects/WidgetLab/openapi_spec/lib/v30/example.g.dart
DA:9,0
DA:10,0
DA:11,0
DA:12,0
DA:13,0
DA:16,0
DA:17,0
DA:18,0
DA:19,0
DA:20,0
LF:10
LH:0
end_of_record
SF:/Users/yelinaung/Projects/WidgetLab/openapi_spec/lib/v30/link.dart
DA:42,0
LF:1
LH:0
end_of_record
SF:/Users/yelinaung/Projects/WidgetLab/openapi_spec/lib/v30/link.g.dart
DA:9,0
DA:10,0
DA:11,0
DA:12,0
DA:13,0
DA:14,0
DA:16,0
DA:18,0
DA:21,0
DA:22,0
DA:23,0
DA:24,0
DA:25,0
DA:26,0
DA:27,0
LF:15
LH:0
end_of_record
SF:/Users/yelinaung/Projects/WidgetLab/openapi_spec/lib/v30/parameter.dart
DA:62,1
DA:63,1
LF:2
LH:2
end_of_record
SF:/Users/yelinaung/Projects/WidgetLab/openapi_spec/lib/v30/parameter.g.dart
DA:9,2
DA:10,1
DA:11,1
DA:12,2
DA:13,1
DA:14,1
DA:15,1
DA:17,1
DA:19,2
DA:20,1
DA:21,1
DA:22,1
DA:24,1
DA:26,0
DA:27,1
DA:28,1
DA:29,1
DA:32,1
DA:34,1
DA:35,1
DA:36,2
DA:37,2
DA:38,1
DA:39,2
DA:40,2
DA:41,1
DA:42,3
DA:43,1
DA:44,1
DA:45,1
DA:46,1
DA:47,1
DA:48,1
DA:49,2
LF:34
LH:33
end_of_record
SF:/Users/yelinaung/Projects/WidgetLab/openapi_spec/lib/v30/encoding.dart
DA:44,0
DA:47,0
DA:48,0
DA:49,0
DA:51,0
DA:52,0
DA:53,0
DA:54,0
DA:56,0
DA:59,0
DA:60,0
DA:61,0
DA:66,0
DA:67,0
DA:68,0
DA:70,0
DA:71,0
DA:72,0
DA:74,0
DA:75,0
DA:77,0
DA:78,0
LF:22
LH:0
end_of_record
SF:/Users/yelinaung/Projects/WidgetLab/openapi_spec/lib/v30/encoding.g.dart
DA:9,0
DA:10,0
DA:12,0
DA:13,0
DA:16,0
DA:17,0
DA:18,0
DA:19,0
DA:22,0
DA:23,0
DA:24,0
DA:25,0
DA:26,0
DA:27,0
DA:28,0
LF:15
LH:0
end_of_record
